0 info it worked if it ends with ok
1 verbose cli [ 'C:\\Program Files\\nodejs\\node.exe',
1 verbose cli   'C:\\Users\\Anthony\\AppData\\Roaming\\npm\\node_modules\\npm\\bin\\npm-cli.js',
1 verbose cli   'run',
1 verbose cli   'serve' ]
2 info using npm@3.10.8
3 info using node@v6.10.2
4 verbose run-script [ 'preserve', 'serve', 'postserve' ]
5 info lifecycle angular-quickstart@1.0.0~preserve: angular-quickstart@1.0.0
6 silly lifecycle angular-quickstart@1.0.0~preserve: no script for preserve, continuing
7 info lifecycle angular-quickstart@1.0.0~serve: angular-quickstart@1.0.0
8 verbose lifecycle angular-quickstart@1.0.0~serve: unsafe-perm in lifecycle true
9 verbose lifecycle angular-quickstart@1.0.0~serve: PATH: C:\Users\Anthony\AppData\Roaming\npm\node_modules\npm\bin\node-gyp-bin;C:\Users\Anthony\sources\psk-frontend\node_modules\.bin;C:\Users\Anthony\AppData\Roaming\npm\node_modules\npm\bin\node-gyp-bin;C:\Users\Anthony\sources\psk-frontend\node_modules\.bin;C:\Apps\cmder\bin;C:\Program Files\Git\bin;C:\Program Files\Git\usr\bin;C:\Program Files\Git\share\vim\vim74;C:\Apps\cmder\vendor\conemu-maximus5\ConEmu\Scripts;C:\Apps\cmder\vendor\conemu-maximus5;C:\Apps\cmder\vendor\conemu-maximus5\ConEmu;C:\Program Files (x86)\Razer Chroma SDK\bin;C:\Program Files\Razer Chroma SDK\bin;C:\ProgramData\Oracle\Java\javapath;C:\WINDOWS\system32;C:\WINDOWS;C:\WINDOWS\System32\Wbem;C:\WINDOWS\System32\WindowsPowerShell\v1.0\;C:\Program Files (x86)\AMD\ATI.ACE\Core-Static;C:\Program Files (x86)\Skype\Phone\;C:\Program Files\Git\cmd;C:\Program Files\Git\mingw64\bin;C:\Program Files\Git\usr\bin;;;C:\Users\Anthony\AppData\Roaming\npm;C:\Users\Anthony\AppData\Local\atom\bin;C:\WINDOWS\system32;C:\WINDOWS;C:\WINDOWS\System32\Wbem;C:\WINDOWS\System32\WindowsPowerShell\v1.0\;C:\Program Files (x86)\GtkSharp\2.12\bin;C:\Program Files\nodejs\;C:\Users\Anthony\AppData\Local\Programs\Python\Python35-32\Scripts\;C:\Users\Anthony\AppData\Local\Programs\Python\Python35-32\;C:\Users\Anthony\AppData\Local\atom\bin;C:\Users\Anthony\AppData\Local\Microsoft\WindowsApps;C:\Program Files\Java\jdk1.8.0_74\bin;C:\Users\Anthony\AppData\Roaming\Python\Python35\Scripts;C:\Users\Anthony\AppData\Roaming\npm;C:\Apps\cmder
10 verbose lifecycle angular-quickstart@1.0.0~serve: CWD: C:\Users\Anthony\sources\psk-frontend
11 silly lifecycle angular-quickstart@1.0.0~serve: Args: [ '/d /s /c', 'lite-server -c=bs-config.json' ]
12 silly lifecycle angular-quickstart@1.0.0~serve: Returned: code: 1  signal: null
13 info lifecycle angular-quickstart@1.0.0~serve: Failed to exec serve script
14 verbose stack Error: angular-quickstart@1.0.0 serve: `lite-server -c=bs-config.json`
14 verbose stack Exit status 1
14 verbose stack     at EventEmitter.<anonymous> (C:\Users\Anthony\AppData\Roaming\npm\node_modules\npm\lib\utils\lifecycle.js:255:16)
14 verbose stack     at emitTwo (events.js:106:13)
14 verbose stack     at EventEmitter.emit (events.js:191:7)
14 verbose stack     at ChildProcess.<anonymous> (C:\Users\Anthony\AppData\Roaming\npm\node_modules\npm\lib\utils\spawn.js:40:14)
14 verbose stack     at emitTwo (events.js:106:13)
14 verbose stack     at ChildProcess.emit (events.js:191:7)
14 verbose stack     at maybeClose (internal/child_process.js:886:16)
14 verbose stack     at Process.ChildProcess._handle.onexit (internal/child_process.js:226:5)
15 verbose pkgid angular-quickstart@1.0.0
16 verbose cwd C:\Users\Anthony\sources\psk-frontend
17 error Windows_NT 10.0.14393
18 error argv "C:\\Program Files\\nodejs\\node.exe" "C:\\Users\\Anthony\\AppData\\Roaming\\npm\\node_modules\\npm\\bin\\npm-cli.js" "run" "serve"
19 error node v6.10.2
20 error npm  v3.10.8
21 error code ELIFECYCLE
22 error angular-quickstart@1.0.0 serve: `lite-server -c=bs-config.json`
22 error Exit status 1
23 error Failed at the angular-quickstart@1.0.0 serve script 'lite-server -c=bs-config.json'.
23 error Make sure you have the latest version of node.js and npm installed.
23 error If you do, this is most likely a problem with the angular-quickstart package,
23 error not with npm itself.
23 error Tell the author that this fails on your system:
23 error     lite-server -c=bs-config.json
23 error You can get information on how to open an issue for this project with:
23 error     npm bugs angular-quickstart
23 error Or if that isn't available, you can get their info via:
23 error     npm owner ls angular-quickstart
23 error There is likely additional logging output above.
24 verbose exit [ 1, true ]
